Arguments: 
  C:\Program Files\nodejs\node.exe C:\Users\vlskh\AppData\Roaming\npm\node_modules\yarn\bin\yarn.js add axiosä

PATH: 
  C:\Program Files (x86)\Common Files\Intel\Shared Libraries\redist\intel64\compiler;C:\Program Files\Lapce\;C:\Program Files (x86)\Common Files\Oracle\Java\javapath;C:\Python310\Scripts\;C:\Python310\;C:\Windows\system32;C:\Windows;C:\Windows\System32\Wbem;C:\Windows\System32\WindowsPowerShell\v1.0\;C:\Windows\System32\OpenSSH\;C:\Program Files (x86)\NVIDIA Corporation\PhysX\Common;C:\Program Files\NVIDIA Corporation\NVIDIA NvDLISR;C:\Program Files\nodejs\;C:\ProgramData\chocolatey\bin;C:\Program Files\Git\cmd;C:\ProgramData\ComposerSetup\bin;C:\Program Files\Docker\Docker\resources\bin;C:\ProgramData\DockerDesktop\version-bin;C:\Users\vlskh\AppData\Local\Android\Sdk\platform-tools;C:\Program Files\OpenJDK\openjdk-11.0.16_8\bin;C:\Program Files\dotnet\;C:\flutter\bin;C:\Program Files\PuTTY\;C:\Program Files\Neovim\bin;C:\Program Files\GitHub CLI\;C:\Program Files\Microsoft SQL Server\150\Tools\Binn\;C:\Program Files\Microsoft SQL Server\Client SDK\ODBC\170\Tools\Binn\;C:\Users\vlskh\.ca;C:\Program Files\Go\bin;C:\Users\vlskh\scoop\shims;C:\Users\vlskh\.cargo\bin;C:\tools\ruby31\bin;C:\Users\vlskh\AppData\Local\Microsoft\WindowsApps;C:\Users\vlskh\AppData\Local\JetBrains\Toolbox\scripts;C:\Users\vlskh\AppData\Roaming\npm;C:\xampp\php;C:\Users\vlskh\AppData\Local\Programs\Microsoft VS Code\bin;C:\Users\vlskh\AppData\Roaming\Composer\vendor\bin;C:\Users\vlskh\go\bin;C:\Users\vlskh\AppData\Local\GitHubDesktop\bin;C:\Users\vlskh\.dotnet\tools;C:\Program Files (x86)\Compose Generator\;C:\Users\vlskh\AppData\Local\Programs\oh-my-posh\bin;C:\ProgramData\chocolatey\lib\mingw\tools\install\mingw64\bin;C:\Users\vlskh\go\bin;D:\.dev\php\couching\node_modules\.bin

Yarn version: 
  1.22.19

Node version: 
  16.16.0

Platform: 
  win32 x64

Trace: 
  Error: https://registry.yarnpkg.com/axiosä: Bad Request
      at Request.params.callback [as _callback] (C:\Users\vlskh\AppData\Roaming\npm\node_modules\yarn\lib\cli.js:66145:18)
      at Request.self.callback (C:\Users\vlskh\AppData\Roaming\npm\node_modules\yarn\lib\cli.js:140890:22)
      at Request.emit (node:events:527:28)
      at Request.<anonymous> (C:\Users\vlskh\AppData\Roaming\npm\node_modules\yarn\lib\cli.js:141862:10)
      at Request.emit (node:events:527:28)
      at IncomingMessage.<anonymous> (C:\Users\vlskh\AppData\Roaming\npm\node_modules\yarn\lib\cli.js:141784:12)
      at Object.onceWrapper (node:events:641:28)
      at IncomingMessage.emit (node:events:539:35)
      at endReadableNT (node:internal/streams/readable:1345:12)
      at processTicksAndRejections (node:internal/process/task_queues:83:21)

npm manifest: 
  {
    "name": "onlinecoaching",
    "version": "1.0.0",
    "description": "",
    "main": "index.js",
    "scripts": {
      "test": "echo \"Error: no test specified\" && exit 1"
    },
    "author": "",
    "license": "ISC",
    "dependencies": {
      "toastify-js": "^1.12.0"
    }
  }

yarn manifest: 
  No manifest

Lockfile: 
  No lockfile
